<?xml version="1.0" encoding="utf-8" standalone="no"?>
<!--This file represents the results of running a test suite-->
<test-results name="E:\2012\JustBlog\JustBlog.Tests\bin\Debug\JustBlog.Tests.dll" total="5" errors="0" failures="0" not-run="0" inconclusive="0" ignored="0" skipped="0" invalid="0" date="2013-01-20" time="11:34:18">
  <environment nunit-version="2.5.10.11092" clr-version="2.0.50727.5466" os-version="Microsoft Windows NT 6.1.7601 Service Pack 1" platform="Win32NT" cwd="C:\Program Files\NUnit 2.5.10\bin\net-2.0" machine-name="VIJAY-PC" user="Vijay" user-domain="Vijay-PC" />
  <culture-info current-culture="en-US" current-uiculture="en-US" />
  <test-suite type="Assembly" name="E:\2012\JustBlog\JustBlog.Tests\bin\Debug\JustBlog.Tests.dll" executed="True" result="Success" success="True" time="1.956" asserts="0">
    <results>
      <test-suite type="Namespace" name="JustBlog" executed="True" result="Success" success="True" time="1.948" asserts="0">
        <results>
          <test-suite type="Namespace" name="Tests" executed="True" result="Success" success="True" time="1.948" asserts="0">
            <results>
              <test-suite type="TestFixture" name="AdminControllerTests" executed="True" result="Success" success="True" time="1.946" asserts="0">
                <results>
                  <test-case name="JustBlog.Tests.AdminControllerTests.Login_IsLoggedIn_False_Test" executed="True" result="Success" success="True" time="1.808" asserts="2" />
                  <test-case name="JustBlog.Tests.AdminControllerTests.Login_IsLoggedIn_True_Test" executed="True" result="Success" success="True" time="0.101" asserts="2" />
                  <test-case name="JustBlog.Tests.AdminControllerTests.Login_Post_Model_Invalid_Test" executed="True" result="Success" success="True" time="0.004" asserts="1" />
                  <test-case name="JustBlog.Tests.AdminControllerTests.Login_Post_User_Invalid_Test" executed="True" result="Success" success="True" time="0.003" asserts="3" />
                  <test-case name="JustBlog.Tests.AdminControllerTests.Login_Post_User_Valid_Test" executed="True" result="Success" success="True" time="0.002" asserts="2" />
                </results>
              </test-suite>
            </results>
          </test-suite>
        </results>
      </test-suite>
    </results>
  </test-suite>
</test-results>